2020-03-22 22:48:17.914  INFO 5076 --- [restartedMain] com.example.demo.DemoApplication         : Starting DemoApplication on GSG20EH0Y0IM190 with PID 5076 (started by Administrator in C:\sheji\最新\biyesheji - 副本 - 副本)
2020-03-22 22:48:17.929 DEBUG 5076 --- [restartedMain] com.example.demo.DemoApplication         : Running with Spring Boot v2.2.5.RELEASE, Spring v5.2.4.RELEASE
2020-03-22 22:48:17.929  INFO 5076 --- [restartedMain] com.example.demo.DemoApplication         : No active profile set, falling back to default profiles: default
2020-03-22 22:48:18.070  INFO 5076 --- [restartedMain] .e.DevToolsPropertyDefaultsPostProcessor : Devtools property defaults active! Set 'spring.devtools.add-properties' to 'false' to disable
2020-03-22 22:48:18.070  INFO 5076 --- [restartedMain] .e.DevToolsPropertyDefaultsPostProcessor : For additional web related logging consider setting the 'logging.level.web' property to 'DEBUG'
2020-03-22 22:48:19.398  INFO 5076 --- [restartedMain] .s.d.r.c.RepositoryConfigurationDelegate : Multiple Spring Data modules found, entering strict repository configuration mode!
2020-03-22 22:48:19.398  INFO 5076 --- [restartedMain] .s.d.r.c.RepositoryConfigurationDelegate : Bootstrapping Spring Data Redis repositories in DEFAULT mode.
2020-03-22 22:48:19.445  INFO 5076 --- [restartedMain] .s.d.r.c.RepositoryConfigurationDelegate : Finished Spring Data repository scanning in 26ms. Found 0 Redis repository interfaces.
2020-03-22 22:48:20.055  INFO 5076 --- [restartedMain] trationDelegate$BeanPostProcessorChecker : Bean 'org.springframework.ws.config.annotation.DelegatingWsConfiguration' of type [org.springframework.ws.config.annotation.DelegatingWsConfiguration$$EnhancerBySpringCGLIB$$89a36e7e] is not eligible for getting processed by all BeanPostProcessors (for example: not eligible for auto-proxying)
2020-03-22 22:48:20.180  INFO 5076 --- [restartedMain] .w.s.a.s.AnnotationActionEndpointMapping : Supporting [WS-Addressing August 2004, WS-Addressing 1.0]
2020-03-22 22:48:20.852  INFO 5076 --- [restartedMain] o.s.b.w.embedded.tomcat.TomcatWebServer  : Tomcat initialized with port(s): 443 (https)
2020-03-22 22:48:20.883  INFO 5076 --- [restartedMain] o.apache.catalina.core.StandardService   : Starting service [Tomcat]
2020-03-22 22:48:20.883  INFO 5076 --- [restartedMain] org.apache.catalina.core.StandardEngine  : Starting Servlet engine: [Apache Tomcat/9.0.31]
2020-03-22 22:48:21.055  INFO 5076 --- [restartedMain] o.a.c.c.C.[Tomcat].[localhost].[/]       : Initializing Spring embedded WebApplicationContext
2020-03-22 22:48:21.055  INFO 5076 --- [restartedMain] o.s.web.context.ContextLoader            : Root WebApplicationContext: initialization completed in 2985 ms
2020-03-22 22:48:21.398  INFO 5076 --- [restartedMain] c.a.d.s.b.a.DruidDataSourceAutoConfigure : Init DruidDataSource
2020-03-22 22:48:21.648  INFO 5076 --- [restartedMain] com.alibaba.druid.pool.DruidDataSource   : {dataSource-1} inited
2020-03-22 22:48:22.227  INFO 5076 --- [restartedMain] o.s.s.concurrent.ThreadPoolTaskExecutor  : Initializing ExecutorService 'applicationTaskExecutor'
2020-03-22 22:48:22.336  INFO 5076 --- [restartedMain] o.s.b.a.w.s.WelcomePageHandlerMapping    : Adding welcome page template: index
2020-03-22 22:48:23.149  INFO 5076 --- [restartedMain] o.s.b.d.a.OptionalLiveReloadServer       : LiveReload server is running on port 35729
2020-03-22 22:48:23.727  INFO 5076 --- [restartedMain] o.s.b.w.embedded.tomcat.TomcatWebServer  : Tomcat started on port(s): 443 (https) with context path ''
2020-03-22 22:48:23.727  INFO 5076 --- [restartedMain] com.example.demo.DemoApplication         : Started DemoApplication in 6.555 seconds (JVM running for 9.838)
2020-03-22 22:49:02.498  INFO 5076 --- [https-jsse-nio-443-exec-10] o.a.c.c.C.[Tomcat].[localhost].[/]       : Initializing Spring DispatcherServlet 'dispatcherServlet'
2020-03-22 22:49:02.499  INFO 5076 --- [https-jsse-nio-443-exec-10] o.s.web.servlet.DispatcherServlet        : Initializing Servlet 'dispatcherServlet'
2020-03-22 22:49:02.510  INFO 5076 --- [https-jsse-nio-443-exec-10] o.s.web.servlet.DispatcherServlet        : Completed initialization in 10 ms
2020-03-22 22:49:03.522  INFO 5076 --- [https-jsse-nio-443-exec-2] c.e.demo.webSocket.WebSocketEndPoint     : 有新的连接：org.apache.tomcat.websocket.WsSession@48897da3 sessionID=0
2020-03-22 22:49:03.542  INFO 5076 --- [https-jsse-nio-443-exec-4] c.e.demo.webSocket.WebSocketEndPoint     : 有新的连接：org.apache.tomcat.websocket.WsSession@52a9bf7c sessionID=1
2020-03-22 22:49:03.560  INFO 5076 --- [https-jsse-nio-443-exec-10] c.e.demo.webSocket.WebSocketEndPoint     : 有新的连接：org.apache.tomcat.websocket.WsSession@973d774 sessionID=2
2020-03-22 22:49:30.881  INFO 5076 --- [https-jsse-nio-443-exec-2] c.e.demo.webSocket.WebSocketEndPoint     : 连接关闭： org.apache.tomcat.websocket.WsSession@48897da3
2020-03-22 22:49:31.020  INFO 5076 --- [https-jsse-nio-443-exec-3] c.e.demo.webSocket.WebSocketEndPoint     : 有新的连接：org.apache.tomcat.websocket.WsSession@4c3f7302 sessionID=3
